<?xml version="1.0" encoding="UTF-8"?>
<testsuite xmlns:xsi="http://www.w3.org/2001/XMLSchema-instance" xsi:noNamespaceSchemaLocation="https://maven.apache.org/surefire/maven-surefire-plugin/xsd/surefire-test-report-3.0.xsd" version="3.0" name="com.stayhard.domain.entities.UserTest" time="0.009" tests="11" errors="0" skipped="0" failures="0">
  <properties>
[...]
</properties>
  <testcase name="deveManterMaxStreak" classname="com.stayhard.domain.entities.UserTest" time="0.0"/>
  <testcase name="deveManterMaxStreakAposFalhar" classname="com.stayhard.domain.entities.UserTest" time="0.0"/>
  <testcase name="deveLancarExcecaoQuandoNomeNulo" classname="com.stayhard.domain.entities.UserTest" time="0.0"/>
  <testcase name="deveIncrementarCurrentStreak" classname="com.stayhard.domain.entities.UserTest" time="0.0"/>
  <testcase name="deveLancarExcecaoQuandoNomeVazio" classname="com.stayhard.domain.entities.UserTest" time="0.0"/>
  <testcase name="deveCriarUsuario" classname="com.stayhard.domain.entities.UserTest" time="0.001"/>
  <testcase name="deveZerarCurrentStreak" classname="com.stayhard.domain.entities.UserTest" time="0.0"/>
  <testcase name="deveAdicionarDiaFalhou" classname="com.stayhard.domain.entities.UserTest" time="0.0"/>
  <testcase name="deveAdicionarDiaCompletado" classname="com.stayhard.domain.entities.UserTest" time="0.0"/>
  <testcase name="deveAtualizarMaxStreak" classname="com.stayhard.domain.entities.UserTest" time="0.0"/>
  <testcase name="deveCriarUsuarioCompleto" classname="com.stayhard.domain.entities.UserTest" time="0.0"/>
</testsuite>